<?xml version="1.0" encoding="UTF-8"?>
<!-- Generated by org.testng.reporters.JUnitReportReporter -->
<testsuite hostname="NOI-9TGPQ12" name="com.trip.base.base" tests="2" failures="0" timestamp="10 May 2019 05:58:34 GMT" time="19.202" errors="0">
  <testcase name="openBrowser" time="19.192" classname="com.trip.base.base"/>
  <testcase name="go" time="0.010" classname="com.trip.base.base"/>
</testsuite>
